  [1m[35m (4.9ms)[0m  [1m[35mCREATE TABLE "schema_migrations" ("version" character varying NOT NULL PRIMARY KEY)[0m
  [1m[35m (19.5ms)[0m  [1m[35mCREATE TABLE "ar_internal_metadata" ("key" character varying NOT NULL PRIMARY KEY, "value" character varying, "created_at" timestamp NOT NULL, "updated_at" timestamp NOT NULL)[0m
  [1m[35m (0.3ms)[0m  [1m[34mSELECT pg_try_advisory_lock(5915521955532851865);[0m
  [1m[35m (0.4ms)[0m  [1m[34mSELECT "schema_migrations"."version" FROM "schema_migrations" ORDER BY "schema_migrations"."version" ASC[0m
Migrating to CreateAuctions (20170508222534)
  [1m[35m (0.2ms)[0m  [1m[35mBEGIN[0m
  [1m[35m (21.7ms)[0m  [1m[35mCREATE TABLE "auctions" ("id" bigserial primary key, "name_of_event" character varying, "organization" character varying, "image_data" text, "date" character varying, "start_time" character varying, "duration" character varying, "description" character varying, "created_at" timestamp NOT NULL, "updated_at" timestamp NOT NULL)[0m
  [1m[35mSQL (0.6ms)[0m  [1m[32mINSERT INTO "schema_migrations" ("version") VALUES ($1) RETURNING "version"[0m  [["version", "20170508222534"]]
  [1m[35m (0.6ms)[0m  [1m[35mCOMMIT[0m
  [1m[36mActiveRecord::InternalMetadata Load (0.3ms)[0m  [1m[34mSELECT  "ar_internal_metadata".* FROM "ar_internal_metadata" WHERE "ar_internal_metadata"."key" = $1 LIMIT $2[0m  [["key", "environment"], ["LIMIT", 1]]
  [1m[35m (0.2ms)[0m  [1m[35mBEGIN[0m
  [1m[35mSQL (0.4ms)[0m  [1m[32mINSERT INTO "ar_internal_metadata" ("key", "value", "created_at", "updated_at") VALUES ($1, $2, $3, $4) RETURNING "key"[0m  [["key", "environment"], ["value", "development"], ["created_at", "2017-05-08 22:31:01.052478"], ["updated_at", "2017-05-08 22:31:01.052478"]]
  [1m[35m (0.5ms)[0m  [1m[35mCOMMIT[0m
  [1m[35m (0.3ms)[0m  [1m[34mSELECT pg_advisory_unlock(5915521955532851865)[0m
  [1m[35m (0.3ms)[0m  [1m[34mSELECT "schema_migrations"."version" FROM "schema_migrations" ORDER BY "schema_migrations"."version" ASC[0m
Started GET "/" for 127.0.0.1 at 2017-05-08 18:38:25 -0400
  [1m[35m (0.4ms)[0m  [1m[34mSELECT "schema_migrations"."version" FROM "schema_migrations" ORDER BY "schema_migrations"."version" ASC[0m
Processing by Rails::WelcomeController#index as HTML
  Rendering /usr/local/lib/ruby/gems/2.4.0/gems/railties-5.1.0/lib/rails/templates/rails/welcome/index.html.erb
  Rendered /usr/local/lib/ruby/gems/2.4.0/gems/railties-5.1.0/lib/rails/templates/rails/welcome/index.html.erb (4.6ms)
Completed 200 OK in 13ms (Views: 10.3ms | ActiveRecord: 0.0ms)


Started GET "/auctions" for 127.0.0.1 at 2017-05-08 18:38:31 -0400
Processing by AuctionsController#index as HTML
  Rendering auctions/index.html.erb within layouts/application
  [1m[36mAuction Load (0.5ms)[0m  [1m[34mSELECT "auctions".* FROM "auctions"[0m
  Rendered auctions/index.html.erb within layouts/application (15.4ms)
Completed 200 OK in 3927ms (Views: 3916.1ms | ActiveRecord: 7.2ms)


